<?xml version="1.0" encoding="UTF-8"?>
<testsuite xmlns:xsi="http://www.w3.org/2001/XMLSchema-instance" xsi:noNamespaceSchemaLocation="https://maven.apache.org/surefire/maven-surefire-plugin/xsd/surefire-test-report.xsd" name="CovidTracker.CovidTracker.TestJavaTable" time="1.827" tests="2" errors="0" skipped="0" failures="0">
  <properties>
[...]
</properties>
  <testcase name="create" classname="CovidTracker.CovidTracker.TestJavaTable" time="0.798"/>
  <testcase name="ColumnNumber" classname="CovidTracker.CovidTracker.TestJavaTable" time="0.994"/>
</testsuite>